<?xml version='1.0'?>
<ns2:test-suite xmlns:ns2='urn:model.allure.qatools.yandex.ru' start='1611930529531' stop='1611930538765'>
    <name>angularjs homepage</name>
    <title>angularjs homepage</title>
    <test-cases>
        <test-case start='1611930529531' status='passed' stop='1611930533527'>
            <name>should greet the named user1</name>
            <title>should greet the named user1</title>
            <labels/>
            <parameters/>
            <steps/>
            <attachments>
                <attachment title='Screenshot' source='40058a70-27ac-4a18-9693-b0f9034b8b63-attachment.png' type='image/png' size='338758'/>
            </attachments>
        </test-case>
        <test-case start='1611930533527' status='failed' stop='1611930535549'>
            <name>should greet the named user2</name>
            <title>should greet the named user2</title>
            <labels/>
            <parameters/>
            <steps/>
            <attachments>
                <attachment title='Screenshot' source='15526cf9-87a9-40fb-8749-ead625475429-attachment.png' type='image/png' size='338064'/>
            </attachments>
            <failure>
                <message>Expected 'Hello Juli!' to equal 'Hello Julie!'.</message>
                <stack-trace>Error: Failed expectation
                    at UserContext.&lt;anonymous> (/Users/arunkumaraswamy/Documents/projects/Study/Visual Testing/VisualPixDiff/visual-tests/src/tests/pageObjectTest.js:15:57)
                    at processTicksAndRejections (internal/process/next_tick.js:81:5)</stack-trace>
            </failure>
        </test-case>
        <test-case start='1611930535549' status='passed' stop='1611930537551'>
            <name>should greet the named user3</name>
            <title>should greet the named user3</title>
            <labels/>
            <parameters/>
            <steps/>
            <attachments>
                <attachment title='Screenshot' source='0e934737-7008-48d8-b18d-2b3f28934732-attachment.png' type='image/png' size='341446'/>
            </attachments>
        </test-case>
        <test-case start='1611930537551' status='failed' stop='1611930538764'>
            <name>should greet the named user4</name>
            <title>should greet the named user4</title>
            <labels/>
            <parameters/>
            <steps/>
            <attachments>
                <attachment title='Screenshot' source='6aa97475-e476-40d7-bd27-c179598fc81a-attachment.png' type='image/png' size='339681'/>
            </attachments>
            <failure>
                <message>Expected 'Hello Arun!' to equal 'Hello Juliana!'.</message>
                <stack-trace>Error: Failed expectation
                    at UserContext.&lt;anonymous> (/Users/arunkumaraswamy/Documents/projects/Study/Visual Testing/VisualPixDiff/visual-tests/src/tests/pageObjectTest.js:29:57)
                    at processTicksAndRejections (internal/process/next_tick.js:81:5)</stack-trace>
            </failure>
        </test-case>
    </test-cases>
</ns2:test-suite>